{"time":"2025-05-12 11:58:05","endpoint":"wys","clip_id":"8","http_code":200,"error":"","response_size":644107}
{"time":"2025-05-12 11:58:06","endpoint":"wys","clip_id":"11","http_code":200,"error":"","response_size":73}
{"time":"2025-05-12 11:58:09","endpoint":"wys","clip_id":"13","http_code":200,"error":"","response_size":73}
{"time":"2025-05-12 11:58:11","endpoint":"wys","clip_id":"4","http_code":200,"error":"","response_size":1523833}
{"time":"2025-05-12 11:58:13","endpoint":"wys","clip_id":"19","http_code":200,"error":"","response_size":73}
{"time":"2025-05-12 11:58:17","endpoint":"wys","clip_id":"9","http_code":200,"error":"","response_size":11882027}
{"time":"2025-05-12 11:58:25","endpoint":"wys","clip_id":"39","http_code":200,"error":"","response_size":73}
{"time":"2025-05-12 11:58:30","endpoint":"wys","clip_id":"10","http_code":200,"error":"","response_size":3527453}
{
    "time": "2025-05-12 12:05:24",
    "endpoint": "wys",
    "clip_id": "8",
    "http_code": 200,
    "error": "",
    "response_size": 644107,
    "curl_info": {
        "url": "http:\/\/192.168.1.210:8077\/api\/v1\/wys",
        "content_type": "video\/mp4",
        "http_code": 200,
        "header_size": 547,
        "request_size": 438,
        "filetime": -1,
        "ssl_verify_result": 0,
        "redirect_count": 0,
        "total_time": 0.146099,
        "namelookup_time": 2.5e-5,
        "connect_time": 0.001765,
        "pretransfer_time": 0.001831,
        "size_upload": 14,
        "size_download": 644107,
        "speed_download": 4408702,
        "speed_upload": 95,
        "download_content_length": 644107,
        "upload_content_length": 14,
        "starttransfer_time": 0.129776,
        "redirect_time": 0,
        "redirect_url": "",
        "primary_ip": "192.168.1.210",
        "certinfo": [],
        "primary_port": 8077,
        "local_ip": "172.23.0.2",
        "local_port": 53566,
        "http_version": 2,
        "protocol": 1,
        "ssl_verifyresult": 0,
        "scheme": "http",
        "appconnect_time_us": 0,
        "connect_time_us": 1765,
        "namelookup_time_us": 25,
        "pretransfer_time_us": 1831,
        "redirect_time_us": 0,
        "starttransfer_time_us": 129776,
        "total_time_us": 146099,
        "effective_method": "POST",
        "capath": "\/etc\/ssl\/certs",
        "cainfo": "\/etc\/ssl\/certs\/ca-certificates.crt"
    }
}
{
    "time": "2025-05-12 12:05:26",
    "endpoint": "wys",
    "clip_id": "13",
    "http_code": 200,
    "error": "",
    "response_size": 73,
    "curl_info": {
        "url": "http:\/\/192.168.1.210:8077\/api\/v1\/wys",
        "content_type": "application\/json",
        "http_code": 200,
        "header_size": 381,
        "request_size": 439,
        "filetime": -1,
        "ssl_verify_result": 0,
        "redirect_count": 0,
        "total_time": 0.070502,
        "namelookup_time": 2.3e-5,
        "connect_time": 0.001775,
        "pretransfer_time": 0.00183,
        "size_upload": 15,
        "size_download": 73,
        "speed_download": 1035,
        "speed_upload": 212,
        "download_content_length": 73,
        "upload_content_length": 15,
        "starttransfer_time": 0.070479,
        "redirect_time": 0,
        "redirect_url": "",
        "primary_ip": "192.168.1.210",
        "certinfo": [],
        "primary_port": 8077,
        "local_ip": "172.23.0.2",
        "local_port": 53574,
        "http_version": 2,
        "protocol": 1,
        "ssl_verifyresult": 0,
        "scheme": "http",
        "appconnect_time_us": 0,
        "connect_time_us": 1775,
        "namelookup_time_us": 23,
        "pretransfer_time_us": 1830,
        "redirect_time_us": 0,
        "starttransfer_time_us": 70479,
        "total_time_us": 70502,
        "effective_method": "POST",
        "capath": "\/etc\/ssl\/certs",
        "cainfo": "\/etc\/ssl\/certs\/ca-certificates.crt"
    }
}
{
    "time": "2025-05-12 12:05:31",
    "endpoint": "wys",
    "clip_id": "10",
    "http_code": 200,
    "error": "",
    "response_size": 3527453,
    "curl_info": {
        "url": "http:\/\/192.168.1.210:8077\/api\/v1\/wys",
        "content_type": "video\/mp4",
        "http_code": 200,
        "header_size": 546,
        "request_size": 439,
        "filetime": -1,
        "ssl_verify_result": 0,
        "redirect_count": 0,
        "total_time": 0.211387,
        "namelookup_time": 2.4e-5,
        "connect_time": 0.001667,
        "pretransfer_time": 0.001725,
        "size_upload": 15,
        "size_download": 3527453,
        "speed_download": 16687180,
        "speed_upload": 70,
        "download_content_length": 3527453,
        "upload_content_length": 15,
        "starttransfer_time": 0.128713,
        "redirect_time": 0,
        "redirect_url": "",
        "primary_ip": "192.168.1.210",
        "certinfo": [],
        "primary_port": 8077,
        "local_ip": "172.23.0.2",
        "local_port": 47638,
        "http_version": 2,
        "protocol": 1,
        "ssl_verifyresult": 0,
        "scheme": "http",
        "appconnect_time_us": 0,
        "connect_time_us": 1667,
        "namelookup_time_us": 24,
        "pretransfer_time_us": 1725,
        "redirect_time_us": 0,
        "starttransfer_time_us": 128713,
        "total_time_us": 211387,
        "effective_method": "POST",
        "capath": "\/etc\/ssl\/certs",
        "cainfo": "\/etc\/ssl\/certs\/ca-certificates.crt"
    }
}
{
    "time": "2025-05-12 12:05:33",
    "endpoint": "wys",
    "clip_id": "11",
    "http_code": 200,
    "error": "",
    "response_size": 73,
    "curl_info": {
        "url": "http:\/\/192.168.1.210:8077\/api\/v1\/wys",
        "content_type": "application\/json",
        "http_code": 200,
        "header_size": 381,
        "request_size": 439,
        "filetime": -1,
        "ssl_verify_result": 0,
        "redirect_count": 0,
        "total_time": 0.069637,
        "namelookup_time": 2.2e-5,
        "connect_time": 0.00184,
        "pretransfer_time": 0.001955,
        "size_upload": 15,
        "size_download": 73,
        "speed_download": 1048,
        "speed_upload": 215,
        "download_content_length": 73,
        "upload_content_length": 15,
        "starttransfer_time": 0.069592,
        "redirect_time": 0,
        "redirect_url": "",
        "primary_ip": "192.168.1.210",
        "certinfo": [],
        "primary_port": 8077,
        "local_ip": "172.23.0.2",
        "local_port": 47642,
        "http_version": 2,
        "protocol": 1,
        "ssl_verifyresult": 0,
        "scheme": "http",
        "appconnect_time_us": 0,
        "connect_time_us": 1840,
        "namelookup_time_us": 22,
        "pretransfer_time_us": 1955,
        "redirect_time_us": 0,
        "starttransfer_time_us": 69592,
        "total_time_us": 69637,
        "effective_method": "POST",
        "capath": "\/etc\/ssl\/certs",
        "cainfo": "\/etc\/ssl\/certs\/ca-certificates.crt"
    }
}
{
    "time": "2025-05-12 12:05:35",
    "endpoint": "wys",
    "clip_id": "4",
    "http_code": 200,
    "error": "",
    "response_size": 1523833,
    "curl_info": {
        "url": "http:\/\/192.168.1.210:8077\/api\/v1\/wys",
        "content_type": "video\/mp4",
        "http_code": 200,
        "header_size": 550,
        "request_size": 438,
        "filetime": -1,
        "ssl_verify_result": 0,
        "redirect_count": 0,
        "total_time": 0.168355,
        "namelookup_time": 2.5e-5,
        "connect_time": 0.001718,
        "pretransfer_time": 0.001793,
        "size_upload": 14,
        "size_download": 1523833,
        "speed_download": 9051308,
        "speed_upload": 83,
        "download_content_length": 1523833,
        "upload_content_length": 14,
        "starttransfer_time": 0.128708,
        "redirect_time": 0,
        "redirect_url": "",
        "primary_ip": "192.168.1.210",
        "certinfo": [],
        "primary_port": 8077,
        "local_ip": "172.23.0.2",
        "local_port": 47644,
        "http_version": 2,
        "protocol": 1,
        "ssl_verifyresult": 0,
        "scheme": "http",
        "appconnect_time_us": 0,
        "connect_time_us": 1718,
        "namelookup_time_us": 25,
        "pretransfer_time_us": 1793,
        "redirect_time_us": 0,
        "starttransfer_time_us": 128708,
        "total_time_us": 168355,
        "effective_method": "POST",
        "capath": "\/etc\/ssl\/certs",
        "cainfo": "\/etc\/ssl\/certs\/ca-certificates.crt"
    }
}
{
    "time": "2025-05-12 12:05:36",
    "endpoint": "wys",
    "clip_id": "12",
    "http_code": 200,
    "error": "",
    "response_size": 73,
    "curl_info": {
        "url": "http:\/\/192.168.1.210:8077\/api\/v1\/wys",
        "content_type": "application\/json",
        "http_code": 200,
        "header_size": 381,
        "request_size": 439,
        "filetime": -1,
        "ssl_verify_result": 0,
        "redirect_count": 0,
        "total_time": 0.069,
        "namelookup_time": 2.5e-5,
        "connect_time": 0.001673,
        "pretransfer_time": 0.001739,
        "size_upload": 15,
        "size_download": 73,
        "speed_download": 1057,
        "speed_upload": 217,
        "download_content_length": 73,
        "upload_content_length": 15,
        "starttransfer_time": 0.068911,
        "redirect_time": 0,
        "redirect_url": "",
        "primary_ip": "192.168.1.210",
        "certinfo": [],
        "primary_port": 8077,
        "local_ip": "172.23.0.2",
        "local_port": 47660,
        "http_version": 2,
        "protocol": 1,
        "ssl_verifyresult": 0,
        "scheme": "http",
        "appconnect_time_us": 0,
        "connect_time_us": 1673,
        "namelookup_time_us": 25,
        "pretransfer_time_us": 1739,
        "redirect_time_us": 0,
        "starttransfer_time_us": 68911,
        "total_time_us": 69000,
        "effective_method": "POST",
        "capath": "\/etc\/ssl\/certs",
        "cainfo": "\/etc\/ssl\/certs\/ca-certificates.crt"
    }
}
{
    "time": "2025-05-12 12:05:37",
    "endpoint": "wys",
    "clip_id": "18",
    "http_code": 200,
    "error": "",
    "response_size": 73,
    "curl_info": {
        "url": "http:\/\/192.168.1.210:8077\/api\/v1\/wys",
        "content_type": "application\/json",
        "http_code": 200,
        "header_size": 381,
        "request_size": 439,
        "filetime": -1,
        "ssl_verify_result": 0,
        "redirect_count": 0,
        "total_time": 0.069392,
        "namelookup_time": 2.7e-5,
        "connect_time": 0.001671,
        "pretransfer_time": 0.001723,
        "size_upload": 15,
        "size_download": 73,
        "speed_download": 1051,
        "speed_upload": 216,
        "download_content_length": 73,
        "upload_content_length": 15,
        "starttransfer_time": 0.069364,
        "redirect_time": 0,
        "redirect_url": "",
        "primary_ip": "192.168.1.210",
        "certinfo": [],
        "primary_port": 8077,
        "local_ip": "172.23.0.2",
        "local_port": 47664,
        "http_version": 2,
        "protocol": 1,
        "ssl_verifyresult": 0,
        "scheme": "http",
        "appconnect_time_us": 0,
        "connect_time_us": 1671,
        "namelookup_time_us": 27,
        "pretransfer_time_us": 1723,
        "redirect_time_us": 0,
        "starttransfer_time_us": 69364,
        "total_time_us": 69392,
        "effective_method": "POST",
        "capath": "\/etc\/ssl\/certs",
        "cainfo": "\/etc\/ssl\/certs\/ca-certificates.crt"
    }
}
{
    "time": "2025-05-12 12:05:38",
    "endpoint": "wys",
    "clip_id": "19",
    "http_code": 200,
    "error": "",
    "response_size": 73,
    "curl_info": {
        "url": "http:\/\/192.168.1.210:8077\/api\/v1\/wys",
        "content_type": "application\/json",
        "http_code": 200,
        "header_size": 381,
        "request_size": 439,
        "filetime": -1,
        "ssl_verify_result": 0,
        "redirect_count": 0,
        "total_time": 0.069317,
        "namelookup_time": 2.6e-5,
        "connect_time": 0.001817,
        "pretransfer_time": 0.001879,
        "size_upload": 15,
        "size_download": 73,
        "speed_download": 1053,
        "speed_upload": 216,
        "download_content_length": 73,
        "upload_content_length": 15,
        "starttransfer_time": 0.069261,
        "redirect_time": 0,
        "redirect_url": "",
        "primary_ip": "192.168.1.210",
        "certinfo": [],
        "primary_port": 8077,
        "local_ip": "172.23.0.2",
        "local_port": 47680,
        "http_version": 2,
        "protocol": 1,
        "ssl_verifyresult": 0,
        "scheme": "http",
        "appconnect_time_us": 0,
        "connect_time_us": 1817,
        "namelookup_time_us": 26,
        "pretransfer_time_us": 1879,
        "redirect_time_us": 0,
        "starttransfer_time_us": 69261,
        "total_time_us": 69317,
        "effective_method": "POST",
        "capath": "\/etc\/ssl\/certs",
        "cainfo": "\/etc\/ssl\/certs\/ca-certificates.crt"
    }
}
{
    "time": "2025-05-12 12:06:09",
    "endpoint": "wys",
    "clip_id": "9",
    "http_code": 200,
    "error": "",
    "response_size": 11882027,
    "curl_info": {
        "url": "http:\/\/192.168.1.210:8077\/api\/v1\/wys",
        "content_type": "video\/mp4",
        "http_code": 200,
        "header_size": 546,
        "request_size": 438,
        "filetime": -1,
        "ssl_verify_result": 0,
        "redirect_count": 0,
        "total_time": 0.424969,
        "namelookup_time": 2.4e-5,
        "connect_time": 0.001892,
        "pretransfer_time": 0.001961,
        "size_upload": 14,
        "size_download": 11882027,
        "speed_download": 27959750,
        "speed_upload": 32,
        "download_content_length": 11882027,
        "upload_content_length": 14,
        "starttransfer_time": 0.133203,
        "redirect_time": 0,
        "redirect_url": "",
        "primary_ip": "192.168.1.210",
        "certinfo": [],
        "primary_port": 8077,
        "local_ip": "172.23.0.2",
        "local_port": 37372,
        "http_version": 2,
        "protocol": 1,
        "ssl_verifyresult": 0,
        "scheme": "http",
        "appconnect_time_us": 0,
        "connect_time_us": 1892,
        "namelookup_time_us": 24,
        "pretransfer_time_us": 1961,
        "redirect_time_us": 0,
        "starttransfer_time_us": 133203,
        "total_time_us": 424969,
        "effective_method": "POST",
        "capath": "\/etc\/ssl\/certs",
        "cainfo": "\/etc\/ssl\/certs\/ca-certificates.crt"
    }
}
