2025-05-12 12:02:38 - GET CLIPS
HTTP Code: 200
Error: 
Response: {"status":"success","code":"","message":"","data":{"clips":[{"id":8,"chat_id":2015344951,"user_id":2015344951,"name":"szuja","video_data":null,"start_time":1091.68,"end_time":1104.68,"duration":17.887969,"season":4,"episode_number":46,"is_compilation":false},{"id":13,"chat_id":2015344951,"user_id":2015344951,"name":"tabun_dzikich_koni","video_data":null,"start_time":2217.1800000000003,"end_time":2230.6,"duration":18.922031,"season":9,"episode_number":117,"is_compilation":false},{"id":10,"chat_id

2025-05-12 12:05:22 - GET CLIPS
HTTP Code: 200
Error: 
Response: {"status":"success","code":"","message":"","data":{"clips":[{"id":8,"chat_id":2015344951,"user_id":2...

2025-05-12 12:07:17 - GET CLIPS
HTTP Code: 200
Error: 
Response: {"status":"success","code":"","message":"","data":{"clips":[{"id":8,"chat_id":2015344951,"user_id":2...

2025-05-12 12:08:27 - GET CLIPS
HTTP Code: 200
Error: 
Response: {"status":"success","code":"","message":"","data":{"clips":[{"id":8,"chat_id":2015344951,"user_id":2...

2025-05-12 12:10:59 - GET CLIPS
HTTP Code: 200
Error: 
Response: {"status":"success","code":"","message":"","data":{"clips":[{"id":8,"chat_id":2015344951,"user_id":2...

2025-05-12 12:14:38 - GET CLIPS
HTTP Code: 200
Error: 
Response: {"status":"success","code":"","message":"","data":{"clips":[{"id":8,"chat_id":2015344951,"user_id":2...

2025-05-12 12:15:12 - GET CLIPS
HTTP Code: 200
Error: 
Response: {"status":"success","code":"","message":"","data":{"clips":[{"id":8,"chat_id":2015344951,"user_id":2...

2025-05-12 12:20:23 - GET CLIPS
HTTP Code: 200
Error: 
Response: {"status":"success","code":"","message":"","data":{"clips":[{"id":8,"chat_id":2015344951,"user_id":2...

2025-05-12 12:20:33 - GET CLIPS
HTTP Code: 200
Error: 
Response: {"status":"success","code":"","message":"","data":{"clips":[{"id":8,"chat_id":2015344951,"user_id":2...

2025-05-12 12:20:51 - GET CLIPS
HTTP Code: 200
Error: 
Response: {"status":"success","code":"","message":"","data":{"clips":[{"id":8,"chat_id":2015344951,"user_id":2...

2025-05-12 12:22:52 - GET CLIPS
HTTP Code: 200
Error: 
Response: {"status":"success","code":"","message":"","data":{"clips":[{"id":8,"chat_id":2015344951,"user_id":2...

2025-05-12 12:22:56 - GET CLIPS
HTTP Code: 200
Error: 
Response: {"status":"success","code":"","message":"","data":{"clips":[{"id":8,"chat_id":2015344951,"user_id":2...

2025-05-12 12:24:44 - GET CLIPS
HTTP Code: 200
Error: 
Response: {"status":"success","code":"","message":"","data":{"clips":[{"id":8,"chat_id":2015344951,"user_id":2...

2025-05-12 12:29:02 - GET CLIPS
HTTP Code: 200
Error: 
Response: {"status":"success","code":"","message":"","data":{"clips":[{"id":8,"chat_id":2015344951,"user_id":2...

2025-05-12 12:31:38 - GET CLIPS
HTTP Code: 200
Error: 
Response: {"status":"success","code":"","message":"","data":{"clips":[{"id":8,"chat_id":2015344951,"user_id":2...

2025-05-12 12:37:09 - GET CLIPS
HTTP Code: 200
Error: 
Response: {"status":"success","code":"","message":"","data":{"clips":[{"id":8,"chat_id":2015344951,"user_id":2...

2025-05-12 12:38:20 - GET CLIPS
HTTP Code: 200
Error: 
Response: {"status":"success","code":"","message":"","data":{"clips":[{"id":8,"chat_id":2015344951,"user_id":2...

2025-05-12 12:40:36 - GET CLIPS
HTTP Code: 200
Error: 
Response: {"status":"success","code":"","message":"","data":{"clips":[{"id":8,"chat_id":2015344951,"user_id":2...

2025-05-12 12:41:24 - GET CLIPS
HTTP Code: 200
Error: 
Response: {"status":"success","code":"","message":"","data":{"clips":[{"id":8,"chat_id":2015344951,"user_id":2...

2025-05-12 12:44:57 - GET CLIPS
HTTP Code: 200
Error: 
Response: {"status":"success","code":"","message":"","data":{"clips":[{"id":8,"chat_id":2015344951,"user_id":2...

2025-05-12 12:45:30 - GET CLIPS
HTTP Code: 200
Error: 
Response: {"status":"success","code":"","message":"","data":{"clips":[{"id":8,"chat_id":2015344951,"user_id":2...

2025-05-12 12:48:05 - GET CLIPS
HTTP Code: 200
Error: 
Response: {"status":"success","code":"","message":"","data":{"clips":[{"id":8,"chat_id":2015344951,"user_id":2...

2025-05-12 12:52:31 - GET CLIPS
HTTP Code: 200
Error: 
Response: {"status":"success","code":"","message":"","data":{"clips":[{"id":8,"chat_id":2015344951,"user_id":2...

2025-05-12 12:52:58 - GET CLIPS
HTTP Code: 200
Error: 
Response: {"status":"success","code":"","message":"","data":{"clips":[{"id":8,"chat_id":2015344951,"user_id":2...

2025-05-12 12:54:56 - GET CLIPS
HTTP Code: 200
Error: 
Response: {"status":"success","code":"","message":"","data":{"clips":[{"id":8,"chat_id":2015344951,"user_id":2...

2025-05-12 12:55:41 - GET CLIPS
HTTP Code: 200
Error: 
Response: {"status":"success","code":"","message":"","data":{"clips":[{"id":8,"chat_id":2015344951,"user_id":2...

2025-05-12 13:01:03 - GET CLIPS
HTTP Code: 200
Error: 
Response: {"status":"success","code":"","message":"","data":{"clips":[{"id":8,"chat_id":2015344951,"user_id":2...

2025-05-12 13:01:15 - GET CLIPS
HTTP Code: 200
Error: 
Response: {"status":"success","code":"","message":"","data":{"clips":[{"id":8,"chat_id":2015344951,"user_id":2...

2025-05-12 13:01:17 - GET CLIPS
HTTP Code: 200
Error: 
Response: {"status":"success","code":"","message":"","data":{"clips":[{"id":8,"chat_id":2015344951,"user_id":2...

2025-05-12 13:02:06 - GET CLIPS
HTTP Code: 200
Error: 
Response: {"status":"success","code":"","message":"","data":{"clips":[{"id":8,"chat_id":2015344951,"user_id":2...

2025-05-12 13:03:21 - GET CLIPS
HTTP Code: 200
Error: 
Response: {"status":"success","code":"","message":"","data":{"clips":[{"id":8,"chat_id":2015344951,"user_id":2...

2025-05-12 13:03:59 - GET CLIPS
HTTP Code: 200
Error: 
Response: {"status":"success","code":"","message":"","data":{"clips":[{"id":8,"chat_id":2015344951,"user_id":2...

2025-05-12 13:04:18 - GET CLIPS
HTTP Code: 200
Error: 
Response: {"status":"success","code":"","message":"","data":{"clips":[{"id":8,"chat_id":2015344951,"user_id":2...

2025-05-12 14:31:26 - GET CLIPS
HTTP Code: 200
Error: 
Response: {"status":"success","code":"","message":"","data":{"clips":[{"id":8,"chat_id":2015344951,"user_id":2...

