{"time":"2025-05-12 12:22:24","requested_id":"2","successful_id":"2","is_fallback":"false"}
{"time":"2025-05-12 12:24:48","requested_id":"8","successful_id":"8","is_fallback":"false"}
{"time":"2025-05-12 12:26:57","requested_id":"2","successful_id":1,"is_fallback":"true"}
{"time":"2025-05-12 12:27:00","requested_id":"1","successful_id":1,"is_fallback":"false"}
{"time":"2025-05-12 12:27:03","requested_id":"1","successful_id":1,"is_fallback":"false"}
{"time":"2025-05-12 12:27:08","requested_id":"3","successful_id":1,"is_fallback":"true"}
{"time":"2025-05-12 12:27:10","requested_id":"4","successful_id":"4","is_fallback":"false"}
{"time":"2025-05-12 12:27:20","requested_id":"10","successful_id":"10","is_fallback":"false"}
{"time":"2025-05-12 12:28:16","requested_id":"5","successful_id":1,"is_fallback":"true"}
{"time":"2025-05-12 12:29:05","requested_id":"11","successful_id":8,"is_fallback":"true"}
{"time":"2025-05-12 12:29:06","requested_id":"9","successful_id":"9","is_fallback":"false"}
{"time":"2025-05-12 12:29:08","requested_id":"39","successful_id":8,"is_fallback":"true"}
{"time":"2025-05-12 12:30:06","requested_param":"5","requested_id":9,"successful_id":9,"is_fallback":"false"}
{"time":"2025-05-12 12:30:09","requested_param":"5","requested_id":9,"successful_id":9,"is_fallback":"false"}
{"time":"2025-05-12 12:30:12","requested_param":"5","requested_id":9,"successful_id":9,"is_fallback":"false"}
{"time":"2025-05-12 12:30:14","requested_param":"5","requested_id":9,"successful_id":9,"is_fallback":"false"}
{"time":"2025-05-12 12:31:39","requested_param":"2","requested_id":13,"successful_id":8,"is_fallback":"true"}
{"time":"2025-05-12 12:31:41","requested_param":"1","requested_id":8,"successful_id":8,"is_fallback":"false"}
{"time":"2025-05-12 12:31:42","requested_param":"4","requested_id":11,"successful_id":8,"is_fallback":"true"}
{"time":"2025-05-12 12:31:43","requested_param":"5","requested_id":9,"successful_id":9,"is_fallback":"false"}
{"time":"2025-05-12 12:31:44","requested_param":"6","requested_id":39,"successful_id":8,"is_fallback":"true"}
{"time":"2025-05-12 12:31:46","requested_param":"3","requested_id":10,"successful_id":10,"is_fallback":"false"}
{"time":"2025-05-12 12:32:04","requested_param":"7","requested_id":4,"successful_id":4,"is_fallback":"false"}
{"time":"2025-05-12 12:32:05","requested_param":"8","requested_id":12,"successful_id":8,"is_fallback":"true"}
{"time":"2025-05-12 12:32:08","requested_param":"10","requested_id":19,"successful_id":8,"is_fallback":"true"}
{"time":"2025-05-12 12:37:17","requested_param":"tabun_dzikich_koni","successful_param":"tabun_dzikich_koni","is_fallback":"false"}
{"time":"2025-05-12 12:38:22","requested_param":"tabun_dzikich_koni","successful_param":"tabun_dzikich_koni","is_fallback":"false"}
{"time":"2025-05-12 12:38:24","requested_param":"warto_do\u015bwiadczenie_mie\u0107","successful_param":"warto_do\u015bwiadczenie_mie\u0107","is_fallback":"false"}
{"time":"2025-05-12 12:38:25","requested_param":"geniusz","successful_param":"geniusz","is_fallback":"false"}
{"time":"2025-05-12 12:38:26","requested_param":"17%","successful_param":"17%","is_fallback":"false"}
{"time":"2025-05-12 12:38:28","requested_param":"megalomania","successful_param":"megalomania","is_fallback":"false"}
{"time":"2025-05-12 12:38:29","requested_param":"szuja","successful_param":"szuja","is_fallback":"false"}
{"time":"2025-05-12 12:39:34","requested_param":"krowaM","successful_param":"krowaM","is_fallback":"false"}
{"time":"2025-05-12 12:39:35","requested_param":"dokladnie","successful_param":"dokladnie","is_fallback":"false"}
{"time":"2025-05-12 12:39:37","requested_param":"szuja-geniusz","successful_param":"szuja-geniusz","is_fallback":"false"}
{"time":"2025-05-12 12:39:37","requested_param":"kiepscy","successful_param":"kiepscy","is_fallback":"false"}
{"time":"2025-05-12 12:39:38","requested_param":"lol lol","successful_param":"lol lol","is_fallback":"false"}
{"time":"2025-05-12 12:41:33","requested_param":"17%","successful_param":"17%","is_fallback":"false"}
{"time":"2025-05-12 12:48:06","requested_param":"17%","successful_param":"17%","is_fallback":"false"}
{"time":"2025-05-12 12:55:18","requested_param":"lol lol","successful_param":"lol lol","is_fallback":"false"}
