{"time":"2025-05-12 12:07:57","clip_id":"1","token_exists":true,"token_prefix":"eyJhbGciOiJIUzI1NiIs..."}
{"time":"2025-05-12 12:08:00","clip_id":"2","token_exists":true,"token_prefix":"eyJhbGciOiJIUzI1NiIs..."}
{"time":"2025-05-12 12:08:03","clip_id":"3","token_exists":true,"token_prefix":"eyJhbGciOiJIUzI1NiIs..."}
{"time":"2025-05-12 12:08:05","clip_id":"4","token_exists":true,"token_prefix":"eyJhbGciOiJIUzI1NiIs..."}
{"time":"2025-05-12 12:08:07","clip_id":"5","token_exists":true,"token_prefix":"eyJhbGciOiJIUzI1NiIs..."}
{"time":"2025-05-12 12:08:44","clip_id":"8","token_exists":true,"token_prefix":"eyJhbGciOiJIUzI1NiIs..."}
{"time":"2025-05-12 12:08:46","clip_id":"13","token_exists":true,"token_prefix":"eyJhbGciOiJIUzI1NiIs..."}
{"time":"2025-05-12 12:08:48","clip_id":"10","token_exists":true,"token_prefix":"eyJhbGciOiJIUzI1NiIs..."}
{"time":"2025-05-12 12:08:50","clip_id":"11","token_exists":true,"token_prefix":"eyJhbGciOiJIUzI1NiIs..."}
{"time":"2025-05-12 12:08:52","clip_id":"9","token_exists":true,"token_prefix":"eyJhbGciOiJIUzI1NiIs..."}
{"time":"2025-05-12 12:08:54","clip_id":"39","token_exists":true,"token_prefix":"eyJhbGciOiJIUzI1NiIs..."}
{"time":"2025-05-12 12:08:57","clip_id":"4","token_exists":true,"token_prefix":"eyJhbGciOiJIUzI1NiIs..."}
{"time":"2025-05-12 12:08:58","clip_id":"12","token_exists":true,"token_prefix":"eyJhbGciOiJIUzI1NiIs..."}
{"time":"2025-05-12 12:08:59","clip_id":"18","token_exists":true,"token_prefix":"eyJhbGciOiJIUzI1NiIs..."}
{"time":"2025-05-12 12:09:00","clip_id":"19","token_exists":true,"token_prefix":"eyJhbGciOiJIUzI1NiIs..."}
{"time":"2025-05-12 12:10:59","clip_id":"11","token_exists":true,"token_prefix":"eyJhbGciOiJIUzI1NiIs..."}
{"time":"2025-05-12 12:10:59","clip_id":"13","token_exists":true,"token_prefix":"eyJhbGciOiJIUzI1NiIs..."}
{"time":"2025-05-12 12:10:59","clip_id":"39","token_exists":true,"token_prefix":"eyJhbGciOiJIUzI1NiIs..."}
{"time":"2025-05-12 12:10:59","clip_id":"19","token_exists":true,"token_prefix":"eyJhbGciOiJIUzI1NiIs..."}
{"time":"2025-05-12 12:11:00","clip_id":"18","token_exists":true,"token_prefix":"eyJhbGciOiJIUzI1NiIs..."}
{"time":"2025-05-12 12:11:00","clip_id":"12","token_exists":true,"token_prefix":"eyJhbGciOiJIUzI1NiIs..."}
{"time":"2025-05-12 12:14:41","clip_id":"8","token_exists":true,"token_prefix":"eyJhbGciOiJIUzI1NiIs..."}
{"time":"2025-05-12 12:14:43","clip_id":"13","token_exists":true,"token_prefix":"eyJhbGciOiJIUzI1NiIs..."}
{"time":"2025-05-12 12:15:15","clip_id":"13","token_exists":true,"token_prefix":"eyJhbGciOiJIUzI1NiIs..."}
{"time":"2025-05-12 12:15:16","clip_id":"10","token_exists":true,"token_prefix":"eyJhbGciOiJIUzI1NiIs..."}
{"time":"2025-05-12 12:15:17","clip_id":"13","token_exists":true,"token_prefix":"eyJhbGciOiJIUzI1NiIs..."}
{"time":"2025-05-12 12:15:17","clip_id":"12","token_exists":true,"token_prefix":"eyJhbGciOiJIUzI1NiIs..."}
{"time":"2025-05-12 12:15:17","clip_id":"14","token_exists":true,"token_prefix":"eyJhbGciOiJIUzI1NiIs..."}
{"time":"2025-05-12 12:15:17","clip_id":"11","token_exists":true,"token_prefix":"eyJhbGciOiJIUzI1NiIs..."}
{"time":"2025-05-12 12:15:17","clip_id":"15","token_exists":true,"token_prefix":"eyJhbGciOiJIUzI1NiIs..."}
{"time":"2025-05-12 12:15:17","clip_id":"1","token_exists":true,"token_prefix":"eyJhbGciOiJIUzI1NiIs..."}
{"time":"2025-05-12 12:15:17","clip_id":"1","token_exists":true,"token_prefix":"eyJhbGciOiJIUzI1NiIs..."}
{"time":"2025-05-12 12:15:21","clip_id":"9","token_exists":true,"token_prefix":"eyJhbGciOiJIUzI1NiIs..."}
{"time":"2025-05-12 12:15:22","clip_id":"11","token_exists":true,"token_prefix":"eyJhbGciOiJIUzI1NiIs..."}
{"time":"2025-05-12 12:15:31","clip_id":"11","token_exists":true,"token_prefix":"eyJhbGciOiJIUzI1NiIs..."}
{"time":"2025-05-12 12:15:31","clip_id":"39","token_exists":true,"token_prefix":"eyJhbGciOiJIUzI1NiIs..."}
{"time":"2025-05-12 12:15:31","clip_id":"10","token_exists":true,"token_prefix":"eyJhbGciOiJIUzI1NiIs..."}
{"time":"2025-05-12 12:15:32","clip_id":"39","token_exists":true,"token_prefix":"eyJhbGciOiJIUzI1NiIs..."}
{"time":"2025-05-12 12:15:32","clip_id":"38","token_exists":true,"token_prefix":"eyJhbGciOiJIUzI1NiIs..."}
{"time":"2025-05-12 12:15:32","clip_id":"40","token_exists":true,"token_prefix":"eyJhbGciOiJIUzI1NiIs..."}
{"time":"2025-05-12 12:15:32","clip_id":"37","token_exists":true,"token_prefix":"eyJhbGciOiJIUzI1NiIs..."}
{"time":"2025-05-12 12:15:32","clip_id":"41","token_exists":true,"token_prefix":"eyJhbGciOiJIUzI1NiIs..."}
{"time":"2025-05-12 12:15:32","clip_id":"1","token_exists":true,"token_prefix":"eyJhbGciOiJIUzI1NiIs..."}
{"time":"2025-05-12 12:15:40","clip_id":"5","token_exists":true,"token_prefix":"eyJhbGciOiJIUzI1NiIs..."}
{"time":"2025-05-12 12:15:43","clip_id":"1","token_exists":true,"token_prefix":"eyJhbGciOiJIUzI1NiIs..."}
{"time":"2025-05-12 12:15:46","clip_id":"2","token_exists":true,"token_prefix":"eyJhbGciOiJIUzI1NiIs..."}
{"time":"2025-05-12 12:15:48","clip_id":"3","token_exists":true,"token_prefix":"eyJhbGciOiJIUzI1NiIs..."}
{"time":"2025-05-12 12:15:53","clip_id":"2","token_exists":true,"token_prefix":"eyJhbGciOiJIUzI1NiIs..."}
{"time":"2025-05-12 12:20:25","clip_id":"13","token_exists":true,"token_prefix":"eyJhbGciOiJIUzI1NiIs..."}
{"time":"2025-05-12 12:20:28","clip_id":"9","token_exists":true,"token_prefix":"eyJhbGciOiJIUzI1NiIs..."}
{"time":"2025-05-12 12:20:35","clip_id":"10","token_exists":true,"token_prefix":"eyJhbGciOiJIUzI1NiIs..."}
{"time":"2025-05-12 12:20:37","clip_id":"8","token_exists":true,"token_prefix":"eyJhbGciOiJIUzI1NiIs..."}
{"time":"2025-05-12 12:20:38","clip_id":"11","token_exists":true,"token_prefix":"eyJhbGciOiJIUzI1NiIs..."}
{"time":"2025-05-12 12:20:52","clip_id":"13","token_exists":true,"token_prefix":"eyJhbGciOiJIUzI1NiIs..."}
{"time":"2025-05-12 12:22:24","clip_id":"2","fallback":"false","token_exists":true,"token_prefix":"eyJhbGciOiJIUzI1NiIs..."}
{"time":"2025-05-12 12:22:54","clip_id":"13","fallback":"true","token_exists":true,"token_prefix":"eyJhbGciOiJIUzI1NiIs..."}
{"time":"2025-05-12 12:22:57","clip_id":"13","fallback":"true","token_exists":true,"token_prefix":"eyJhbGciOiJIUzI1NiIs..."}
{"time":"2025-05-12 12:24:45","clip_id":"13","fallback":"true","token_exists":true,"token_prefix":"eyJhbGciOiJIUzI1NiIs..."}
{"time":"2025-05-12 12:24:48","clip_id":"13","fallback":"true","token_exists":true,"token_prefix":"eyJhbGciOiJIUzI1NiIs..."}
{"time":"2025-05-12 12:24:48","clip_id":"8","fallback":"true","token_exists":true,"token_prefix":"eyJhbGciOiJIUzI1NiIs..."}
{"time":"2025-05-12 12:26:57","clip_id":"2","fallback":"false","token_exists":true,"token_prefix":"eyJhbGciOiJIUzI1NiIs..."}
{"time":"2025-05-12 12:27:00","clip_id":"1","fallback":"false","token_exists":true,"token_prefix":"eyJhbGciOiJIUzI1NiIs..."}
{"time":"2025-05-12 12:27:03","clip_id":"1","fallback":"false","token_exists":true,"token_prefix":"eyJhbGciOiJIUzI1NiIs..."}
{"time":"2025-05-12 12:27:08","clip_id":"3","fallback":"false","token_exists":true,"token_prefix":"eyJhbGciOiJIUzI1NiIs..."}
{"time":"2025-05-12 12:27:10","clip_id":"4","fallback":"false","token_exists":true,"token_prefix":"eyJhbGciOiJIUzI1NiIs..."}
{"time":"2025-05-12 12:27:20","clip_id":"10","fallback":"false","token_exists":true,"token_prefix":"eyJhbGciOiJIUzI1NiIs..."}
{"time":"2025-05-12 12:28:16","clip_id":"5","fallback":"false","token_exists":true,"token_prefix":"eyJhbGciOiJIUzI1NiIs..."}
{"time":"2025-05-12 12:29:05","clip_id":"11","fallback":"true","token_exists":true,"token_prefix":"eyJhbGciOiJIUzI1NiIs..."}
{"time":"2025-05-12 12:29:06","clip_id":"9","fallback":"true","token_exists":true,"token_prefix":"eyJhbGciOiJIUzI1NiIs..."}
{"time":"2025-05-12 12:29:07","clip_id":"39","fallback":"true","token_exists":true,"token_prefix":"eyJhbGciOiJIUzI1NiIs..."}
{"time":"2025-05-12 12:30:05","clip_param":"5","fallback":"false","token_exists":true,"token_prefix":"eyJhbGciOiJIUzI1NiIs..."}
{"time":"2025-05-12 12:30:08","clip_param":"5","fallback":"false","token_exists":true,"token_prefix":"eyJhbGciOiJIUzI1NiIs..."}
{"time":"2025-05-12 12:30:11","clip_param":"5","fallback":"false","token_exists":true,"token_prefix":"eyJhbGciOiJIUzI1NiIs..."}
{"time":"2025-05-12 12:30:13","clip_param":"5","fallback":"false","token_exists":true,"token_prefix":"eyJhbGciOiJIUzI1NiIs..."}
{"time":"2025-05-12 12:31:39","clip_param":"2","fallback":"true","token_exists":true,"token_prefix":"eyJhbGciOiJIUzI1NiIs..."}
{"time":"2025-05-12 12:31:41","clip_param":"1","fallback":"true","token_exists":true,"token_prefix":"eyJhbGciOiJIUzI1NiIs..."}
{"time":"2025-05-12 12:31:42","clip_param":"4","fallback":"true","token_exists":true,"token_prefix":"eyJhbGciOiJIUzI1NiIs..."}
{"time":"2025-05-12 12:31:43","clip_param":"5","fallback":"true","token_exists":true,"token_prefix":"eyJhbGciOiJIUzI1NiIs..."}
{"time":"2025-05-12 12:31:44","clip_param":"6","fallback":"true","token_exists":true,"token_prefix":"eyJhbGciOiJIUzI1NiIs..."}
{"time":"2025-05-12 12:31:45","clip_param":"3","fallback":"true","token_exists":true,"token_prefix":"eyJhbGciOiJIUzI1NiIs..."}
{"time":"2025-05-12 12:32:04","clip_param":"7","fallback":"true","token_exists":true,"token_prefix":"eyJhbGciOiJIUzI1NiIs..."}
{"time":"2025-05-12 12:32:05","clip_param":"8","fallback":"true","token_exists":true,"token_prefix":"eyJhbGciOiJIUzI1NiIs..."}
{"time":"2025-05-12 12:32:08","clip_param":"10","fallback":"true","token_exists":true,"token_prefix":"eyJhbGciOiJIUzI1NiIs..."}
{"time":"2025-05-12 12:37:17","clip_param":"tabun_dzikich_koni","fallback":"false"}
{"time":"2025-05-12 12:38:22","clip_param":"tabun_dzikich_koni","fallback":"true"}
{"time":"2025-05-12 12:38:23","clip_param":"warto_do\u015bwiadczenie_mie\u0107","fallback":"true"}
{"time":"2025-05-12 12:38:25","clip_param":"geniusz","fallback":"true"}
{"time":"2025-05-12 12:38:26","clip_param":"17%","fallback":"true"}
{"time":"2025-05-12 12:38:28","clip_param":"megalomania","fallback":"true"}
{"time":"2025-05-12 12:38:28","clip_param":"szuja","fallback":"true"}
{"time":"2025-05-12 12:39:33","clip_param":"krowaM","fallback":"true"}
{"time":"2025-05-12 12:39:35","clip_param":"dokladnie","fallback":"true"}
{"time":"2025-05-12 12:39:36","clip_param":"szuja-geniusz","fallback":"true"}
{"time":"2025-05-12 12:39:37","clip_param":"kiepscy","fallback":"true"}
{"time":"2025-05-12 12:39:38","clip_param":"lol lol","fallback":"true"}
{"time":"2025-05-12 12:41:33","clip_param":"17%","fallback":"true"}
{"time":"2025-05-12 12:48:05","clip_param":"17%","fallback":"true"}
{"time":"2025-05-12 12:55:17","clip_param":"lol lol","fallback":"true"}
{"time":"2025-05-12 14:34:09","clip_param":"17%","fallback":"true"}
