Original param: tabun_dzikich_koni
Params to try: tabun_dzikich_koni, 13
Original param: tabun_dzikich_koni
Params to try: tabun_dzikich_koni, 13, 1, 8, szuja, 2, 3, 10, geniusz, 4, 11, megalomania, 5, 9, warto_doświadczenie_mieć, 17%, szuja-geniusz, dokladnie, krowaM, kiepscy, lol lol
Original param: warto_doświadczenie_mieć
Params to try: warto_doświadczenie_mieć, 9, 1, 8, szuja, 2, 13, tabun_dzikich_koni, 3, 10, geniusz, 4, 11, megalomania, 5, 17%, szuja-geniusz, dokladnie, krowaM, kiepscy, lol lol
Original param: geniusz
Params to try: geniusz, 10, 1, 8, szuja, 2, 13, tabun_dzikich_koni, 3, 4, 11, megalomania, 5, 9, warto_doświadczenie_mieć, 17%, szuja-geniusz, dokladnie, krowaM, kiepscy, lol lol
Original param: 17%
Params to try: 17%, 39, 1, 8, szuja, 2, 13, tabun_dzikich_koni, 3, 10, geniusz, 4, 11, megalomania, 5, 9, warto_doświadczenie_mieć, szuja-geniusz, dokladnie, krowaM, kiepscy, lol lol
Original param: megalomania
Params to try: megalomania, 11, 1, 8, szuja, 2, 13, tabun_dzikich_koni, 3, 10, geniusz, 4, 5, 9, warto_doświadczenie_mieć, 17%, szuja-geniusz, dokladnie, krowaM, kiepscy, lol lol
Original param: szuja
Params to try: szuja, 8, 1, 2, 13, tabun_dzikich_koni, 3, 10, geniusz, 4, 11, megalomania, 5, 9, warto_doświadczenie_mieć, 17%, szuja-geniusz, dokladnie, krowaM, kiepscy, lol lol
Original param: krowaM
Params to try: krowaM, 18, 1, 8, szuja, 2, 13, tabun_dzikich_koni, 3, 10, geniusz, 4, 11, megalomania, 5, 9, warto_doświadczenie_mieć, 17%, szuja-geniusz, dokladnie, kiepscy, lol lol
Original param: dokladnie
Params to try: dokladnie, 12, 1, 8, szuja, 2, 13, tabun_dzikich_koni, 3, 10, geniusz, 4, 11, megalomania, 5, 9, warto_doświadczenie_mieć, 17%, szuja-geniusz, krowaM, kiepscy, lol lol
Original param: szuja-geniusz
Params to try: szuja-geniusz, 4, 1, 8, szuja, 2, 13, tabun_dzikich_koni, 3, 10, geniusz, 11, megalomania, 5, 9, warto_doświadczenie_mieć, 17%, dokladnie, krowaM, kiepscy, lol lol
Original param: kiepscy
Params to try: kiepscy, 19, 1, 8, szuja, 2, 13, tabun_dzikich_koni, 3, 10, geniusz, 4, 11, megalomania, 5, 9, warto_doświadczenie_mieć, 17%, szuja-geniusz, dokladnie, krowaM, lol lol
Original param: lol lol
Params to try: lol lol, 20, 1, 8, szuja, 2, 13, tabun_dzikich_koni, 3, 10, geniusz, 4, 11, megalomania, 5, 9, warto_doświadczenie_mieć, 17%, szuja-geniusz, dokladnie, krowaM, kiepscy
Original param: 17%
Params to try: 17%, 39, 1, 8, szuja, 2, 13, tabun_dzikich_koni, 3, 10, geniusz, 4, 11, megalomania, 5, 9, warto_doświadczenie_mieć, szuja-geniusz, dokladnie, krowaM, kiepscy, lol lol
Original param: 17%
Params to try: 17%, 39, 1, 8, szuja, 2, 13, tabun_dzikich_koni, 3, 10, geniusz, 4, 11, megalomania, 5, 9, warto_doświadczenie_mieć, szuja-geniusz, dokladnie, krowaM, kiepscy, lol lol
Original param: lol lol
Params to try: lol lol, 20, 1, 8, szuja, 2, 13, tabun_dzikich_koni, 3, 10, geniusz, 4, 11, megalomania, 5, 9, warto_doświadczenie_mieć, 17%, szuja-geniusz, dokladnie, krowaM, kiepscy
Original param: 17%
Params to try: 17%, 39, 1, 8, szuja, 2, 13, tabun_dzikich_koni, 3, 10, geniusz, 4, 11, megalomania, 5, 9, warto_doświadczenie_mieć, szuja-geniusz, dokladnie, krowaM, kiepscy, lol lol
Original param: szuja
Params to try: szuja, 8, 1, 2, 13, tabun_dzikich_koni, 3, 10, geniusz, 4, 11, megalomania, 5, 9, warto_doświadczenie_mieć, 17%, szuja-geniusz, dokladnie, krowaM, kiepscy, lol lol, fajna nazwa klipu, asdf
Original param: fajna nazwa klipu
Params to try: fajna nazwa klipu, 23, 1, 8, szuja, 2, 13, tabun_dzikich_koni, 3, 10, geniusz, 4, 11, megalomania, 5, 9, warto_doświadczenie_mieć, 17%, szuja-geniusz, dokladnie, krowaM, kiepscy, lol lol, asdf
Original param: geniusz
Params to try: geniusz, 10, 1, 8, szuja, 2, 13, tabun_dzikich_koni, 3, 4, 11, megalomania, 5, 9, warto_doświadczenie_mieć, 17%, szuja-geniusz, dokladnie, krowaM, kiepscy, lol lol, fajna nazwa klipu, asdf
Original param: asdf
Params to try: asdf, 24, 1, 8, szuja, 2, 13, tabun_dzikich_koni, 3, 10, geniusz, 4, 11, megalomania, 5, 9, warto_doświadczenie_mieć, 17%, szuja-geniusz, dokladnie, krowaM, kiepscy, lol lol, fajna nazwa klipu
Original param: tabun_dzikich_koni
Params to try: tabun_dzikich_koni, 13, 1, 8, szuja, 2, 3, 10, geniusz, 4, 11, megalomania, 5, 9, warto_doświadczenie_mieć, 17%, szuja-geniusz, dokladnie, krowaM, kiepscy, lol lol, fajna nazwa klipu, asdf
Original param: megalomania
Params to try: megalomania, 11, 1, 8, szuja, 2, 13, tabun_dzikich_koni, 3, 10, geniusz, 4, 5, 9, warto_doświadczenie_mieć, 17%, szuja-geniusz, dokladnie, krowaM, kiepscy, lol lol, fajna nazwa klipu, asdf
Original param: warto_doświadczenie_mieć
Params to try: warto_doświadczenie_mieć, 9, 1, 8, szuja, 2, 13, tabun_dzikich_koni, 3, 10, geniusz, 4, 11, megalomania, 5, 17%, szuja-geniusz, dokladnie, krowaM, kiepscy, lol lol, fajna nazwa klipu, asdf
Original param: 17%
Params to try: 17%, 39, 1, 8, szuja, 2, 13, tabun_dzikich_koni, 3, 10, geniusz, 4, 11, megalomania, 5, 9, warto_doświadczenie_mieć, szuja-geniusz, dokladnie, krowaM, kiepscy, lol lol, fajna nazwa klipu, asdf
Original param: szuja-geniusz
Params to try: szuja-geniusz, 4, 1, 8, szuja, 2, 13, tabun_dzikich_koni, 3, 10, geniusz, 11, megalomania, 5, 9, warto_doświadczenie_mieć, 17%, dokladnie, krowaM, kiepscy, lol lol, fajna nazwa klipu, asdf
Original param: dokladnie
Params to try: dokladnie, 12, 1, 8, szuja, 2, 13, tabun_dzikich_koni, 3, 10, geniusz, 4, 11, megalomania, 5, 9, warto_doświadczenie_mieć, 17%, szuja-geniusz, krowaM, kiepscy, lol lol, fajna nazwa klipu, asdf
Original param: krowaM
Params to try: krowaM, 18, 1, 8, szuja, 2, 13, tabun_dzikich_koni, 3, 10, geniusz, 4, 11, megalomania, 5, 9, warto_doświadczenie_mieć, 17%, szuja-geniusz, dokladnie, kiepscy, lol lol, fajna nazwa klipu, asdf
Original param: kiepscy
Params to try: kiepscy, 19, 1, 8, szuja, 2, 13, tabun_dzikich_koni, 3, 10, geniusz, 4, 11, megalomania, 5, 9, warto_doświadczenie_mieć, 17%, szuja-geniusz, dokladnie, krowaM, lol lol, fajna nazwa klipu, asdf
Original param: lol lol
Params to try: lol lol, 22, 1, 8, szuja, 2, 13, tabun_dzikich_koni, 3, 10, geniusz, 4, 11, megalomania, 5, 9, warto_doświadczenie_mieć, 17%, szuja-geniusz, dokladnie, krowaM, kiepscy, fajna nazwa klipu, asdf
Original param: geniusz
Params to try: geniusz, 10, 1, 8, szuja, 2, 13, tabun_dzikich_koni, 3, 4, 11, megalomania, 5, 9, warto_doświadczenie_mieć, 17%, szuja-geniusz, dokladnie, krowaM, kiepscy, lol lol, fajna nazwa klipu, asdf
Original param: 17%
Params to try: 17%, 39, 1, 8, szuja, 2, 13, tabun_dzikich_koni, 3, 10, geniusz, 4, 11, megalomania, 5, 9, warto_doświadczenie_mieć, szuja-geniusz, dokladnie, krowaM, kiepscy, lol lol, fajna nazwa klipu, asdf
Original param: krowaM
Params to try: krowaM, 18, 1, 8, szuja, 2, 13, tabun_dzikich_koni, 3, 10, geniusz, 4, 11, megalomania, 5, 9, warto_doświadczenie_mieć, 17%, szuja-geniusz, dokladnie, kiepscy, lol lol, fajna nazwa klipu, asdf
Original param: lol lol
Params to try: lol lol, 22, 1, 8, szuja, 2, 13, tabun_dzikich_koni, 3, 10, geniusz, 4, 11, megalomania, 5, 9, warto_doświadczenie_mieć, 17%, szuja-geniusz, dokladnie, krowaM, kiepscy, fajna nazwa klipu, asdf
Original param: krowaM
Params to try: krowaM, 18, 1, 8, szuja, 2, 13, tabun_dzikich_koni, 3, 10, geniusz, 4, 11, megalomania, 5, 9, warto_doświadczenie_mieć, 17%, szuja-geniusz, dokladnie, kiepscy, lol lol, asdf
Original param: lol lol
Params to try: lol lol, 22, 1, 8, szuja, 2, 13, tabun_dzikich_koni, 3, 10, geniusz, 4, 11, megalomania, 5, 9, warto_doświadczenie_mieć, 17%, szuja-geniusz, dokladnie, krowaM, kiepscy, asdf
Original param: geniusz
Params to try: geniusz, 10, 1, 8, szuja, 2, 13, tabun_dzikich_koni, 3, 4, 11, megalomania, 5, 9, warto_doświadczenie_mieć, 17%, szuja-geniusz, dokladnie, krowaM, kiepscy, lol lol
Original param: 17%
Params to try: 17%, 39, 1, 8, szuja, 2, 13, tabun_dzikich_koni, 3, 10, geniusz, 4, 11, megalomania, 5, 9, warto_doświadczenie_mieć, szuja-geniusz, dokladnie, krowaM, kiepscy, lol lol
Original param: lol lol
Params to try: lol lol, 22, 1, 8, szuja, 2, 13, tabun_dzikich_koni, 3, 10, geniusz, 4, 11, megalomania, 5, 9, warto_doświadczenie_mieć, 17%, szuja-geniusz, dokladnie, krowaM, kiepscy
Original param: krowaM
Params to try: krowaM, 18, 1, 8, szuja, 2, 13, tabun_dzikich_koni, 3, 10, geniusz, 4, 11, megalomania, 5, 9, warto_doświadczenie_mieć, 17%, szuja-geniusz, dokladnie, kiepscy, lol lol
Original param: 17%
Params to try: 17%, 39, 1, 8, szuja, 2, 13, tabun_dzikich_koni, 3, 10, geniusz, 4, 11, megalomania, 5, 9, warto_doświadczenie_mieć, szuja-geniusz, dokladnie, krowaM, kiepscy, lol lol
